<?xml version="1.0" encoding="UTF-8"?>
<!-- Generated by org.testng.reporters.JUnitReportReporter -->
<testsuite hostname="LAPTOP-09L58NKF" failures="0" tests="1" name="streams" time="0.007" errors="0" timestamp="2023-01-08T14:34:33 IST" skipped="0">
  <testcase classname="streams" name="regular" time="0.007"/>
  <system-out/>
</testsuite> <!-- streams -->
